  title.cpp
  tcp_client.cpp
  sound.cpp
  score.cpp
c:\users\gsp028\desktop\就職活動\masaragames\吉田学園情報ビジネス専門学校_東村哲士\作品1\invaderの様なgameコード\project1\score.cpp(54): warning C4244: '引数': 'int' から 'FLOAT' への変換です。データが失われる可能性があります。
c:\users\gsp028\desktop\就職活動\masaragames\吉田学園情報ビジネス専門学校_東村哲士\作品1\invaderの様なgameコード\project1\score.cpp(110): warning C4244: '引数': 'int' から 'float' への変換です。データが失われる可能性があります。
c:\users\gsp028\desktop\就職活動\masaragames\吉田学園情報ビジネス専門学校_東村哲士\作品1\invaderの様なgameコード\project1\score.cpp(122): warning C4244: '引数': 'int' から 'float' への変換です。データが失われる可能性があります。
  scene2D.cpp
c:\users\gsp028\desktop\就職活動\masaragames\吉田学園情報ビジネス専門学校_東村哲士\作品1\invaderの様なgameコード\project1\scene2d.cpp(184): warning C4244: '=': 'double' から 'float' への変換です。データが失われる可能性があります。
  result.cpp
  renderer.cpp
  ranking.cpp
  player.cpp
  object.cpp
  number.cpp
  message.cpp
  math.cpp
  manager.cpp
c:\users\gsp028\desktop\就職活動\masaragames\吉田学園情報ビジネス専門学校_東村哲士\作品1\invaderの様なgameコード\project1\manager.cpp(166): warning C4244: '引数': 'int' から 'FLOAT' への変換です。データが失われる可能性があります。
  main.cpp
  keybod.cpp
  InputMouse.cpp
  input.cpp
  explosion.cpp
  enemy.cpp
c:\users\gsp028\desktop\就職活動\masaragames\吉田学園情報ビジネス専門学校_東村哲士\作品1\invaderの様なgameコード\project1\enemy.cpp(52): warning C4305: '+=': 'double' から 'float' へ切り詰めます。
  コードを生成中...
  コンパイル中...
  CreateStage.cpp
c:\users\gsp028\desktop\就職活動\masaragames\吉田学園情報ビジネス専門学校_東村哲士\作品1\invaderの様なgameコード\project1\createstage.cpp(64): warning C4244: '引数': 'int' から 'FLOAT' への変換です。データが失われる可能性があります。
c:\users\gsp028\desktop\就職活動\masaragames\吉田学園情報ビジネス専門学校_東村哲士\作品1\invaderの様なgameコード\project1\createstage.cpp(92): warning C4244: '引数': 'int' から 'FLOAT' への変換です。データが失われる可能性があります。
c:\users\gsp028\desktop\就職活動\masaragames\吉田学園情報ビジネス専門学校_東村哲士\作品1\invaderの様なgameコード\project1\createstage.cpp(103): warning C4244: '=': 'int' から 'float' への変換です。データが失われる可能性があります。
c:\users\gsp028\desktop\就職活動\masaragames\吉田学園情報ビジネス専門学校_東村哲士\作品1\invaderの様なgameコード\project1\createstage.cpp(104): warning C4244: '=': 'int' から 'float' への変換です。データが失われる可能性があります。
c:\users\gsp028\desktop\就職活動\masaragames\吉田学園情報ビジネス専門学校_東村哲士\作品1\invaderの様なgameコード\project1\createstage.cpp(276): warning C4244: '引数': 'float' から 'int' への変換です。データが失われる可能性があります。
  bullet.cpp
  boss.cpp
c:\users\gsp028\desktop\就職活動\masaragames\吉田学園情報ビジネス専門学校_東村哲士\作品1\invaderの様なgameコード\project1\boss.cpp(54): warning C4244: '引数': 'int' から 'FLOAT' への変換です。データが失われる可能性があります。
c:\users\gsp028\desktop\就職活動\masaragames\吉田学園情報ビジネス専門学校_東村哲士\作品1\invaderの様なgameコード\project1\boss.cpp(65): warning C4244: '引数': 'int' から 'FLOAT' への変換です。データが失われる可能性があります。
c:\users\gsp028\desktop\就職活動\masaragames\吉田学園情報ビジネス専門学校_東村哲士\作品1\invaderの様なgameコード\project1\boss.cpp(68): warning C4244: '引数': 'int' から 'FLOAT' への変換です。データが失われる可能性があります。
c:\users\gsp028\desktop\就職活動\masaragames\吉田学園情報ビジネス専門学校_東村哲士\作品1\invaderの様なgameコード\project1\boss.cpp(87): warning C4244: '引数': 'float' から 'int' への変換です。データが失われる可能性があります。
c:\users\gsp028\desktop\就職活動\masaragames\吉田学園情報ビジネス専門学校_東村哲士\作品1\invaderの様なgameコード\project1\boss.cpp(87): warning C4244: '引数': 'int' から 'FLOAT' への変換です。データが失われる可能性があります。
c:\users\gsp028\desktop\就職活動\masaragames\吉田学園情報ビジネス専門学校_東村哲士\作品1\invaderの様なgameコード\project1\boss.cpp(106): warning C4244: '引数': 'int' から 'FLOAT' への変換です。データが失われる可能性があります。
c:\users\gsp028\desktop\就職活動\masaragames\吉田学園情報ビジネス専門学校_東村哲士\作品1\invaderの様なgameコード\project1\boss.cpp(114): warning C4244: '引数': 'float' から 'int' への変換です。データが失われる可能性があります。
c:\users\gsp028\desktop\就職活動\masaragames\吉田学園情報ビジネス専門学校_東村哲士\作品1\invaderの様なgameコード\project1\boss.cpp(114): warning C4244: '引数': 'int' から 'FLOAT' への変換です。データが失われる可能性があります。
c:\users\gsp028\desktop\就職活動\masaragames\吉田学園情報ビジネス専門学校_東村哲士\作品1\invaderの様なgameコード\project1\boss.cpp(133): warning C4244: '引数': 'int' から 'FLOAT' への変換です。データが失われる可能性があります。
  bg.cpp
  animal.cpp
c:\users\gsp028\desktop\就職活動\masaragames\吉田学園情報ビジネス専門学校_東村哲士\作品1\invaderの様なgameコード\project1\animal.cpp(181): warning C4244: '引数': 'int' から 'FLOAT' への変換です。データが失われる可能性があります。
  コードを生成中...
  project1.vcxproj -> C:\Users\gsp028\Desktop\就職活動\MasaraGames\吉田学園情報ビジネス専門学校_東村哲士\作品1\invaderの様なgameコード\Debug\project1.exe
  project1.vcxproj -> C:\Users\gsp028\Desktop\就職活動\MasaraGames\吉田学園情報ビジネス専門学校_東村哲士\作品1\invaderの様なgameコード\Debug\project1.pdb (Full PDB)
